DEBUG:root:Function __init__ is running.
DEBUG:root:Function getTitle            , Using Time: 0.0 s
DEBUG:root:Function getDataFromTitle    , Using Time: 0.002023935317993164 s
DEBUG:root:Function __init__            , Using Time: 0.35009217262268066 s
DEBUG:root:Function __init__ is finising.

DEBUG:root:Function GetKeySet           , Using Time: 0.0 s
DEBUG:root:Function GetRowsCount        , Using Time: 0.0 s
DEBUG:root:Function GetColumnsCount     , Using Time: 0.0 s
DEBUG:root:Function GetRowsCount        , Using Time: 0.0 s
DEBUG:root:Function GetRowsCount        , Using Time: 0.0 s
DEBUG:root:Function PackToDict          , Using Time: 0.0 s
DEBUG:root:Function GenFormatString is running.
DEBUG:root:Function ProcessListToFile is running.
DEBUG:root:Function __init__ is running.
DEBUG:root:Function getTitle            , Using Time: 0.0 s
DEBUG:root:Function getDataFromTitle    , Using Time: 0.000997304916381836 s
DEBUG:root:Function __init__            , Using Time: 0.355022668838501 s
DEBUG:root:Function __init__ is finising.

DEBUG:root:Function GetKeySet           , Using Time: 0.0 s
DEBUG:root:Function GetRowsCount        , Using Time: 0.0 s
DEBUG:root:Function GetColumnsCount     , Using Time: 0.0 s
DEBUG:root:Function GetRowsCount        , Using Time: 0.0 s
DEBUG:root:Function GetRowsCount        , Using Time: 0.0 s
DEBUG:root:Function PackToDict          , Using Time: 0.0 s
DEBUG:root:Function GenFormatString is running.
DEBUG:root:Function ProcessListToFile is running.
DEBUG:root:Function ProcessListToFile is finising.

DEBUG:root:Using Time: 0.0009989738464355469s
DEBUG:root:Function GenFormatString is finising.

DEBUG:root:Function __init__ is running.
DEBUG:root:Function getTitle            , Using Time: 0.0 s
DEBUG:root:Function getDataFromTitle    , Using Time: 0.0009953975677490234 s
DEBUG:root:Function __init__            , Using Time: 0.34809064865112305 s
DEBUG:root:Function __init__ is finising.

DEBUG:root:Function GetKeySet           , Using Time: 0.0 s
DEBUG:root:Function GetRowsCount        , Using Time: 0.0 s
DEBUG:root:Function GetColumnsCount     , Using Time: 0.0 s
DEBUG:root:Function GetRowsCount        , Using Time: 0.0 s
DEBUG:root:Function GetRowsCount        , Using Time: 0.0 s
DEBUG:root:Function PackToDict          , Using Time: 0.0 s
DEBUG:root:Function GenFormatString is running.
DEBUG:root:Function ProcessDictToFile is running.
DEBUG:root:Function ProcessDictToFile is finising.

DEBUG:root:Using Time: 0.0009765625s
DEBUG:root:Function GenFormatString is finising.

DEBUG:root:Function __init__ is running.
DEBUG:root:Function getTitle            , Using Time: 0.0 s
DEBUG:root:Function getDataFromTitle    , Using Time: 0.0 s
DEBUG:root:Function __init__            , Using Time: 0.34571385383605957 s
DEBUG:root:Function __init__ is finising.

DEBUG:root:Function GetKeySet           , Using Time: 0.0 s
DEBUG:root:Function GetRowsCount        , Using Time: 0.0 s
DEBUG:root:Function GetColumnsCount     , Using Time: 0.0 s
DEBUG:root:Function GetRowsCount        , Using Time: 0.0 s
DEBUG:root:Function GetRowsCount        , Using Time: 0.0 s
DEBUG:root:Function PackToDict          , Using Time: 0.0 s
DEBUG:root:Function GenFormatString is running.
DEBUG:root:Function ProcessDictToFile is running.
DEBUG:root:Function ProcessDictToFile is finising.

DEBUG:root:Using Time: 0.00096893310546875s
DEBUG:root:Function GenFormatString is finising.

